Сборка начата 11.12.2020 19:27:01.
Уровень детализации журнала: Normal.     1>Проект "C:\Users\User\Desktop\Kurs_Project\Libryary\Libryary.vcxproj" в узле 2 (целевые объекты Build).
     1>InitializeBuildStatus:
         Обращение к "Debug\Libryary.tlog\unsuccessfulbuild".
       ClCompile:
         Для всех выходных данных обновления не требуется.
         C:\Program Files (x86)\Microsoft Visual Studio\2019\Community\VC\Tools\MSVC\14.28.29333\bin\HostX86\x86\CL.exe /c /ZI /JMC /nologo /W3 /WX- /diagnostics:column /sdl /Od /Oy- /D WIN32 /D _DEBUG /D _LIB /D _UNICODE /D UNICODE /Gm- /EHsc /RTC1 /MDd /GS /fp:precise /permissive- /Zc:wchar_t /Zc:forScope /Zc:inline /Yu"pch.h" /Fp"Debug\Libryary.pch" /Fo"Debug\\" /Fd"Debug\Libryary.pdb" /Gd /TP /analyze- /FC /errorReport:prompt Libryary.cpp
         Libryary.cpp
       Lib:
         C:\Program Files (x86)\Microsoft Visual Studio\2019\Community\VC\Tools\MSVC\14.28.29333\bin\HostX86\x86\Lib.exe /OUT:"C:\Users\User\Desktop\Kurs_Project\Debug\Libryary.lib" /NOLOGO /MACHINE:X86 Debug\Libryary.obj
         Debug\pch.obj
         Libryary.vcxproj -> C:\Users\User\Desktop\Kurs_Project\Debug\Libryary.lib
       CopyFilesToOutputDirectory:
         Копирование файла из "C:\Users\User\Desktop\Kurs_Project\Libryary\Debug\Libryary.pdb" в "C:\Users\User\Desktop\Kurs_Project\Debug\Libryary.pdb".
       FinalizeBuildStatus:
         Файл "Debug\Libryary.tlog\unsuccessfulbuild" удаляется.
         Обращение к "Debug\Libryary.tlog\Libryary.lastbuildstate".
     1>Сборка проекта "C:\Users\User\Desktop\Kurs_Project\Libryary\Libryary.vcxproj" завершена (целевые объекты Build).

Сборка успешно завершена.
    Предупреждений: 0
    Ошибок: 0

Прошло времени 00:00:02.12
