c:\users\user\desktop\kurs_project\kurs_project\debug\vc142.pdb
c:\users\user\desktop\kurs_project\kurs_project\debug\vc142.idb
c:\users\user\desktop\kurs_project\kurs_project\debug\polishnotation.obj
c:\users\user\desktop\kurs_project\kurs_project\debug\parm.obj
c:\users\user\desktop\kurs_project\kurs_project\debug\out.obj
c:\users\user\desktop\kurs_project\kurs_project\debug\mfst.obj
c:\users\user\desktop\kurs_project\kurs_project\debug\lt.obj
c:\users\user\desktop\kurs_project\kurs_project\debug\log.obj
c:\users\user\desktop\kurs_project\kurs_project\debug\lexan.obj
c:\users\user\desktop\kurs_project\kurs_project\debug\kurs_project.obj
c:\users\user\desktop\kurs_project\kurs_project\debug\it.obj
c:\users\user\desktop\kurs_project\kurs_project\debug\in.obj
c:\users\user\desktop\kurs_project\kurs_project\debug\greibach.obj
c:\users\user\desktop\kurs_project\kurs_project\debug\fst.obj
c:\users\user\desktop\kurs_project\kurs_project\debug\error.obj
c:\users\user\desktop\kurs_project\kurs_project\debug\semantican.obj
c:\users\user\desktop\kurs_project\debug\kurs_project.exe
c:\users\user\desktop\kurs_project\debug\kurs_project.ilk
c:\users\user\desktop\kurs_project\debug\kurs_project.pdb
c:\users\user\desktop\kurs_project\kurs_project\debug\kurs_project.tlog\cl.command.1.tlog
c:\users\user\desktop\kurs_project\kurs_project\debug\kurs_project.tlog\cl.read.1.tlog
c:\users\user\desktop\kurs_project\kurs_project\debug\kurs_project.tlog\cl.write.1.tlog
c:\users\user\desktop\kurs_project\kurs_project\debug\kurs_project.tlog\link.command.1.tlog
c:\users\user\desktop\kurs_project\kurs_project\debug\kurs_project.tlog\link.read.1.tlog
c:\users\user\desktop\kurs_project\kurs_project\debug\kurs_project.tlog\link.write.1.tlog
